Started!!!
Opening port...

Exception in thread "main" java.lang.NullPointerException
	at GameServer.main(GameServer.java:33)
Started!!!
Opening port...

Exception in thread "main" java.lang.NullPointerException
	at GameServer.main(GameServer.java:33)
Started!!!
Opening port...


New client!!!

Message received from client number 1: 1test0
Enter Message: 
Connected!!
Password of user is test
Connected!!
Player level = = = 1
Instructions going to be sent = 1|6|80|8|18,27,36,45
Your message: 1|6|80|8|18,27,36,45

New client!!!


New client!!!


New client!!!


New client!!!


New client!!!


New client!!!


New client!!!


New client!!!


New client!!!


New client!!!

Message received from client number 2: 1test0
Enter Message: 
Message received from client number 3: 1test0
Enter Message: 
Message received from client number 5: 1test0
Enter Message: 
Message received from client number 6: 1test0
Enter Message: 
Message received from client number 4: 1test0
Enter Message: 
Message received from client number 7: 1test0
Enter Message: 
Message received from client number 8: 1test0
Enter Message: 
Message received from client number 9: 1test0
Enter Message: 
Message received from client number 10: 1test0
Enter Message: 
Message received from client number 11: 1test0
Enter Message: 
Connected!!
Connected!!
Connected!!
Connected!!
Connected!!
Connected!!
Password of user is test
Password of user is test
Password of user is test
Password of user is test
Password of user is test
Password of user is test
Connected!!
Connected!!
Connected!!
Password of user is test
Password of user is test
Password of user is test
Connected!!
Password of user is test
Connected!!
Connected!!
Connected!!
Player level = = = 1
Instructions going to be sent = 1|6|80|8|18,27,36,45
Your message: 1|6|80|8|18,27,36,45
Player level = = = 1
Instructions going to be sent = 1|6|80|8|18,27,36,45
Your message: 1|6|80|8|18,27,36,45
Player level = = = 1
Instructions going to be sent = 1|6|80|8|18,27,36,45
Your message: 1|6|80|8|18,27,36,45
Connected!!
Connected!!
Connected!!
Connected!!
Player level = = = 1
Instructions going to be sent = 1|6|80|8|18,27,36,45
Your message: 1|6|80|8|18,27,36,45
Player level = = = 1
Instructions going to be sent = 1|6|80|8|18,27,36,45
Your message: 1|6|80|8|18,27,36,45
Connected!!
Player level = = = 1
Instructions going to be sent = 1|6|80|8|18,27,36,45
Your message: 1|6|80|8|18,27,36,45
Player level = = = 1
Instructions going to be sent = 1|6|80|8|18,27,36,45
Your message: 1|6|80|8|18,27,36,45
Connected!!
Player level = = = 1
Instructions going to be sent = 1|6|80|8|18,27,36,45
Your message: 1|6|80|8|18,27,36,45
Connected!!
Player level = = = 1
Instructions going to be sent = 1|6|80|8|18,27,36,45
Your message: 1|6|80|8|18,27,36,45
Player level = = = 1
Instructions going to be sent = 1|6|80|8|18,27,36,45
Your message: 1|6|80|8|18,27,36,45

New client!!!


New client!!!


New client!!!


New client!!!

Message received from client number 12: 1test0
Enter Message: 
Connected!!
Password of user is test
Connected!!
Player level = = = 1
Instructions going to be sent = 1|6|80|8|18,27,36,45
Your message: 1|6|80|8|18,27,36,45
Message received from client number 14: 1test0
Enter Message: 
Connected!!
Password of user is test
Connected!!
Player level = = = 1
Instructions going to be sent = 1|6|80|8|18,27,36,45
Your message: 1|6|80|8|18,27,36,45
Message received from client number 15: 1test0
Enter Message: 
Connected!!
Password of user is test
Connected!!
Player level = = = 1
Instructions going to be sent = 1|6|80|8|18,27,36,45
Your message: 1|6|80|8|18,27,36,45
Message received from client number 13: 1test0
Enter Message: 
Connected!!
Password of user is test
Connected!!
Player level = = = 1
Instructions going to be sent = 1|6|80|8|18,27,36,45
Your message: 1|6|80|8|18,27,36,45

New client!!!

Message received from client number 16: 1test0
Enter Message: 
Connected!!
Password of user is test
Connected!!
Player level = = = 1
Instructions going to be sent = 1|6|80|8|18,27,36,45
Your message: 1|6|80|8|18,27,36,45

New client!!!

Message received from client number 17: 1test0
Enter Message: 
Connected!!
Password of user is test
Connected!!
Player level = = = 1
Instructions going to be sent = 1|6|80|8|18,27,36,45
Your message: 1|6|80|8|18,27,36,45

New client!!!

Message received from client number 18: 1test0
Enter Message: 
Connected!!
Password of user is test
Connected!!
Player level = = = 1
Instructions going to be sent = 1|6|80|8|18,27,36,45
Your message: 1|6|80|8|18,27,36,45

New client!!!

Message received from client number 19: 1test0
Enter Message: 
Connected!!
Password of user is test
Connected!!
Player level = = = 1
Instructions going to be sent = 1|6|80|8|18,27,36,45
Your message: 1|6|80|8|18,27,36,45

New client!!!


New client!!!


New client!!!

Message received from client number 20: 1test0
Enter Message: 
Connected!!
Password of user is test
Connected!!
Player level = = = 1
Instructions going to be sent = 1|6|80|8|18,27,36,45
Your message: 1|6|80|8|18,27,36,45
Message received from client number 21: 1test0
Enter Message: 
Connected!!
Password of user is test
Connected!!
Player level = = = 1
Instructions going to be sent = 1|6|80|8|18,27,36,45
Your message: 1|6|80|8|18,27,36,45
Message received from client number 22: 1test0
Enter Message: 
Connected!!
Password of user is test
Connected!!
Player level = = = 1
Instructions going to be sent = 1|6|80|8|18,27,36,45
Your message: 1|6|80|8|18,27,36,45

New client!!!

Message received from client number 23: 1test0
Enter Message: 
Connected!!
Password of user is test
Connected!!
Player level = = = 1
Instructions going to be sent = 1|6|80|8|18,27,36,45
Your message: 1|6|80|8|18,27,36,45

New client!!!


New client!!!

Message received from client number 24: 1test0
Enter Message: 
Connected!!
Password of user is test
Connected!!
Player level = = = 1
Instructions going to be sent = 1|6|80|8|18,27,36,45
Your message: 1|6|80|8|18,27,36,45
Message received from client number 25: 1test0
Enter Message: 
Connected!!
Password of user is test
Connected!!
Player level = = = 1
Instructions going to be sent = 1|6|80|8|18,27,36,45
Your message: 1|6|80|8|18,27,36,45

New client!!!

Message received from client number 26: 1test0
Enter Message: 
Connected!!
Password of user is test
Connected!!
Player level = = = 1
Instructions going to be sent = 1|6|80|8|18,27,36,45
Your message: 1|6|80|8|18,27,36,45

New client!!!


New client!!!

Message received from client number 27: 1test0
Enter Message: 
Connected!!
Password of user is test
Connected!!
Player level = = = 1
Instructions going to be sent = 1|6|80|8|18,27,36,45
Your message: 1|6|80|8|18,27,36,45
Message received from client number 28: 1test0
Enter Message: 
Connected!!
Password of user is test
Connected!!
Player level = = = 1
Instructions going to be sent = 1|6|80|8|18,27,36,45
Your message: 1|6|80|8|18,27,36,45

New client!!!

Message received from client number 29: 1test0
Enter Message: 
Connected!!
Password of user is test
Connected!!
Player level = = = 1
Instructions going to be sent = 1|6|80|8|18,27,36,45
Your message: 1|6|80|8|18,27,36,45

New client!!!

Message received from client number 30: 1test0
Enter Message: 
Connected!!
Password of user is test
Connected!!
Player level = = = 1
Instructions going to be sent = 1|6|80|8|18,27,36,45
Your message: 1|6|80|8|18,27,36,45

New client!!!

Message received from client number 31: 1test0
Enter Message: 
Connected!!
Password of user is test
Connected!!
Player level = = = 1
Instructions going to be sent = 1|6|80|8|18,27,36,45
Your message: 1|6|80|8|18,27,36,45

New client!!!

Message received from client number 32: 1test0
Enter Message: 
Connected!!
Password of user is test
Connected!!
Player level = = = 1
Instructions going to be sent = 1|6|80|8|18,27,36,45
Your message: 1|6|80|8|18,27,36,45

New client!!!

Message received from client number 33: 1test0
Enter Message: 
Connected!!
Password of user is test
Connected!!
Player level = = = 1
Instructions going to be sent = 1|6|80|8|18,27,36,45
Your message: 1|6|80|8|18,27,36,45

New client!!!

Message received from client number 34: 1test0
Enter Message: 
Connected!!
Password of user is test
Connected!!
Player level = = = 1
Instructions going to be sent = 1|6|80|8|18,27,36,45
Your message: 1|6|80|8|18,27,36,45

New client!!!

Message received from client number 35: 1test0
Enter Message: 
Connected!!
Password of user is test
Connected!!
Player level = = = 1
Instructions going to be sent = 1|6|80|8|18,27,36,45
Your message: 1|6|80|8|18,27,36,45

New client!!!


New client!!!

Message received from client number 36: 1test0
Enter Message: 
Connected!!
Password of user is test
Connected!!
Player level = = = 1
Instructions going to be sent = 1|6|80|8|18,27,36,45
Your message: 1|6|80|8|18,27,36,45
Message received from client number 37: 1test0
Enter Message: 
Connected!!
Password of user is test
Connected!!
Player level = = = 1
Instructions going to be sent = 1|6|80|8|18,27,36,45
Your message: 1|6|80|8|18,27,36,45

New client!!!

Message received from client number 38: 1test0
Enter Message: 
Connected!!
Password of user is test
Connected!!
Player level = = = 1
Instructions going to be sent = 1|6|80|8|18,27,36,45
Your message: 1|6|80|8|18,27,36,45

New client!!!

Message received from client number 39: 1test0
Enter Message: 
Connected!!
Password of user is test
Connected!!
Player level = = = 1
Instructions going to be sent = 1|6|80|8|18,27,36,45
Your message: 1|6|80|8|18,27,36,45

New client!!!

Message received from client number 40: 1test0
Enter Message: 
Connected!!
Password of user is test
Connected!!
Player level = = = 1
Instructions going to be sent = 1|6|80|8|18,27,36,45
Your message: 1|6|80|8|18,27,36,45

New client!!!

Message received from client number 41: 1test0
Enter Message: 
Connected!!
Password of user is test
Connected!!
Player level = = = 1
Instructions going to be sent = 1|6|80|8|18,27,36,45
Your message: 1|6|80|8|18,27,36,45

New client!!!

Message received from client number 42: 1test0
Enter Message: 
Connected!!
Password of user is test
Connected!!
Player level = = = 1
Instructions going to be sent = 1|6|80|8|18,27,36,45
Your message: 1|6|80|8|18,27,36,45

New client!!!

Message received from client number 43: 1test0
Enter Message: 
Connected!!
Password of user is test
Connected!!
Player level = = = 1
Instructions going to be sent = 1|6|80|8|18,27,36,45
Your message: 1|6|80|8|18,27,36,45

New client!!!

Message received from client number 44: 1test0
Enter Message: 
Connected!!
Password of user is test
Connected!!
Player level = = = 1
Instructions going to be sent = 1|6|80|8|18,27,36,45
Your message: 1|6|80|8|18,27,36,45

New client!!!

Message received from client number 45: 1test0
Enter Message: 
Connected!!
Password of user is test

New client!!!

Connected!!
Player level = = = 1
Instructions going to be sent = 1|6|80|8|18,27,36,45
Your message: 1|6|80|8|18,27,36,45

New client!!!

Message received from client number 46: 1test0
Enter Message: 
Connected!!
Password of user is test
Connected!!
Player level = = = 1
Instructions going to be sent = 1|6|80|8|18,27,36,45
Your message: 1|6|80|8|18,27,36,45
Message received from client number 47: 1test0
Enter Message: 
Connected!!
Password of user is test
Connected!!
Player level = = = 1
Instructions going to be sent = 1|6|80|8|18,27,36,45
Your message: 1|6|80|8|18,27,36,45

New client!!!

Message received from client number 48: 1test0
Enter Message: 
Connected!!
Password of user is test
Connected!!
Player level = = = 1
Instructions going to be sent = 1|6|80|8|18,27,36,45
Your message: 1|6|80|8|18,27,36,45

New client!!!

Message received from client number 49: 1test0
Enter Message: 
Connected!!
Password of user is test
Connected!!
Player level = = = 1
Instructions going to be sent = 1|6|80|8|18,27,36,45
Your message: 1|6|80|8|18,27,36,45

New client!!!

Message received from client number 50: 1test0
Enter Message: 
Connected!!
Password of user is test
Connected!!
Player level = = = 1
Instructions going to be sent = 1|6|80|8|18,27,36,45
Your message: 1|6|80|8|18,27,36,45

New client!!!

Message received from client number 51: 1test0
Enter Message: 
Connected!!
Password of user is test
Connected!!
Player level = = = 1
Instructions going to be sent = 1|6|80|8|18,27,36,45
Your message: 1|6|80|8|18,27,36,45

New client!!!

Message received from client number 52: 1test0
Enter Message: 
Connected!!
Password of user is test
Connected!!
Player level = = = 1
Instructions going to be sent = 1|6|80|8|18,27,36,45
Your message: 1|6|80|8|18,27,36,45

New client!!!

Message received from client number 53: 1test0
Enter Message: 
Connected!!
Password of user is test
Connected!!
Player level = = = 1
Instructions going to be sent = 1|6|80|8|18,27,36,45
Your message: 1|6|80|8|18,27,36,45

New client!!!

Message received from client number 54: 1test0
Enter Message: 
Connected!!
Password of user is test
Connected!!
Player level = = = 1
Instructions going to be sent = 1|6|80|8|18,27,36,45
Your message: 1|6|80|8|18,27,36,45

New client!!!

Message received from client number 55: 1test0
Enter Message: 
Connected!!
Password of user is test
Connected!!
Player level = = = 1
Instructions going to be sent = 1|6|80|8|18,27,36,45
Your message: 1|6|80|8|18,27,36,45

New client!!!

Message received from client number 56: 1test0
Enter Message: 
Connected!!
Password of user is test
Connected!!
Player level = = = 1
Instructions going to be sent = 1|6|80|8|18,27,36,45
Your message: 1|6|80|8|18,27,36,45

New client!!!

Message received from client number 57: 1test0
Enter Message: 
Connected!!
Password of user is test
Connected!!
Player level = = = 1
Instructions going to be sent = 1|6|80|8|18,27,36,45
Your message: 1|6|80|8|18,27,36,45

New client!!!

Message received from client number 58: 1test0
Enter Message: 
Connected!!
Password of user is test
Connected!!
Player level = = = 1
Instructions going to be sent = 1|6|80|8|18,27,36,45
Your message: 1|6|80|8|18,27,36,45

New client!!!


New client!!!


New client!!!


New client!!!


New client!!!


New client!!!


New client!!!


New client!!!


New client!!!


New client!!!


New client!!!


New client!!!


New client!!!


New client!!!


New client!!!


New client!!!


New client!!!


New client!!!


New client!!!


New client!!!

Message received from client number 59: 1test0
Enter Message: 
Message received from client number 60: 1test0
Enter Message: 
Message received from client number 61: 1test0
Enter Message: 
Message received from client number 63: 1test0
Enter Message: 
Message received from client number 62: 1test0
Enter Message: 
Message received from client number 64: 1test0
Enter Message: 
Message received from client number 65: 1test0
Enter Message: 
Message received from client number 69: 1test0
Enter Message: 
Message received from client number 66: 1test0
Enter Message: 
Message received from client number 68: 1test0
Enter Message: 
Connected!!
Message received from client number 67: 1test0
Enter Message: 
Message received from client number 70: 1test0
Enter Message: 
Message received from client number 72: 1test0
Enter Message: 
Message received from client number 73: 1test0
Enter Message: 
Message received from client number 75: 1test0
Enter Message: 
Message received from client number 74: 1test0
Enter Message: 
Connected!!
Connected!!
Connected!!
Connected!!
Password of user is test
Message received from client number 76: 1test0
Enter Message: 
Connected!!
Password of user is test
Connected!!
Connected!!
Connected!!
Connected!!
Connected!!
Connected!!
Connected!!
Connected!!
Password of user is test
Password of user is test
Password of user is test
Password of user is test
Password of user is test
Message received from client number 78: 1test0
Enter Message: 
Message received from client number 77: 1test0
Enter Message: 
Password of user is test
Password of user is test
Password of user is test
Password of user is test
Password of user is test
Password of user is test
Password of user is test
Connected!!
Connected!!
Password of user is test
Password of user is test
Connected!!
Password of user is test
Connected!!
Connected!!
Connected!!
Connected!!
Connected!!
Player level = = = 1
Instructions going to be sent = 1|6|80|8|18,27,36,45
Your message: 1|6|80|8|18,27,36,45
Player level = = = 1
Instructions going to be sent = 1|6|80|8|18,27,36,45
Your message: 1|6|80|8|18,27,36,45
Player level = = = 1
Instructions going to be sent = 1|6|80|8|18,27,36,45
Your message: 1|6|80|8|18,27,36,45
Connected!!
Player level = = = 1
Instructions going to be sent = 1|6|80|8|18,27,36,45
Your message: 1|6|80|8|18,27,36,45
Player level = = = 1
Instructions going to be sent = 1|6|80|8|18,27,36,45
Your message: 1|6|80|8|18,27,36,45
Player level = = = 1
Instructions going to be sent = 1|6|80|8|18,27,36,45
Your message: 1|6|80|8|18,27,36,45
Connected!!
Player level = = = 1
Instructions going to be sent = 1|6|80|8|18,27,36,45
Your message: 1|6|80|8|18,27,36,45
Connected!!
Connected!!
Connected!!
Connected!!
Connected!!
Connected!!
Connected!!
Connected!!
Connected!!
Connected!!
Password of user is test
Player level = = = 1
Instructions going to be sent = 1|6|80|8|18,27,36,45
Your message: 1|6|80|8|18,27,36,45
Player level = = = 1
Instructions going to be sent = 1|6|80|8|18,27,36,45
Your message: 1|6|80|8|18,27,36,45
Player level = = = 1
Instructions going to be sent = 1|6|80|8|18,27,36,45
Your message: 1|6|80|8|18,27,36,45
Player level = = = 1
Instructions going to be sent = 1|6|80|8|18,27,36,45
Your message: 1|6|80|8|18,27,36,45
Player level = = = 1
Instructions going to be sent = 1|6|80|8|18,27,36,45
Your message: 1|6|80|8|18,27,36,45
Player level = = = 1
Instructions going to be sent = 1|6|80|8|18,27,36,45
Your message: 1|6|80|8|18,27,36,45
Player level = = = 1
Instructions going to be sent = 1|6|80|8|18,27,36,45
Your message: 1|6|80|8|18,27,36,45
Player level = = = 1
Instructions going to be sent = 1|6|80|8|18,27,36,45
Your message: 1|6|80|8|18,27,36,45
Player level = = = 1
Instructions going to be sent = 1|6|80|8|18,27,36,45
Your message: 1|6|80|8|18,27,36,45
Connected!!
Connected!!
Password of user is test
Player level = = = 1
Instructions going to be sent = 1|6|80|8|18,27,36,45
Your message: 1|6|80|8|18,27,36,45
Connected!!
Player level = = = 1
Instructions going to be sent = 1|6|80|8|18,27,36,45
Your message: 1|6|80|8|18,27,36,45
Connected!!
Player level = = = 1
Instructions going to be sent = 1|6|80|8|18,27,36,45
Your message: 1|6|80|8|18,27,36,45
Message received from client number 71: 1test0
Enter Message: 
Connected!!
Password of user is test
Connected!!
Player level = = = 1
Instructions going to be sent = 1|6|80|8|18,27,36,45
Your message: 1|6|80|8|18,27,36,45

New client!!!

Message received from client number 79: 1test0
Enter Message: 
Connected!!
Password of user is test

New client!!!

Connected!!
Player level = = = 1
Instructions going to be sent = 1|6|80|8|18,27,36,45
Your message: 1|6|80|8|18,27,36,45
Message received from client number 80: 1test0
Enter Message: 
Connected!!
Password of user is test
Connected!!
Player level = = = 1
Instructions going to be sent = 1|6|80|8|18,27,36,45
Your message: 1|6|80|8|18,27,36,45

New client!!!

Message received from client number 81: 1test0
Enter Message: 
Connected!!
Password of user is test
Connected!!
Player level = = = 1
Instructions going to be sent = 1|6|80|8|18,27,36,45
Your message: 1|6|80|8|18,27,36,45

New client!!!

Message received from client number 82: 1test0
Enter Message: 
Connected!!
Password of user is test
Connected!!
Player level = = = 1
Instructions going to be sent = 1|6|80|8|18,27,36,45
Your message: 1|6|80|8|18,27,36,45

New client!!!

Message received from client number 83: 1test0
Enter Message: 
Connected!!
Password of user is test
Connected!!
Player level = = = 1
Instructions going to be sent = 1|6|80|8|18,27,36,45
Your message: 1|6|80|8|18,27,36,45

New client!!!

Message received from client number 84: 1test0
Enter Message: 
Connected!!
Password of user is test
Connected!!
Player level = = = 1
Instructions going to be sent = 1|6|80|8|18,27,36,45
Your message: 1|6|80|8|18,27,36,45

New client!!!


New client!!!


New client!!!


New client!!!

Message received from client number 85: 1test0
Enter Message: 
Connected!!
Password of user is test
Connected!!
Player level = = = 1
Instructions going to be sent = 1|6|80|8|18,27,36,45
Your message: 1|6|80|8|18,27,36,45

New client!!!


New client!!!

Message received from client number 86: 1test0
Enter Message: 
Connected!!
Password of user is test
Connected!!
Player level = = = 1
Instructions going to be sent = 1|6|80|8|18,27,36,45
Your message: 1|6|80|8|18,27,36,45

New client!!!

Message received from client number 87: 1test0
Enter Message: 
Connected!!
Password of user is test
Message received from client number 88: 1test0
Enter Message: 
Connected!!
Player level = = = 1
Instructions going to be sent = 1|6|80|8|18,27,36,45
Your message: 1|6|80|8|18,27,36,45
Connected!!
Password of user is test
Connected!!
Player level = = = 1
Instructions going to be sent = 1|6|80|8|18,27,36,45
Your message: 1|6|80|8|18,27,36,45

New client!!!

Message received from client number 89: 1test0
Enter Message: 
Connected!!
Password of user is test
Connected!!
Player level = = = 1
Instructions going to be sent = 1|6|80|8|18,27,36,45
Your message: 1|6|80|8|18,27,36,45
Message received from client number 90: 1test0
Enter Message: 
Connected!!
Password of user is test
Connected!!
Player level = = = 1
Instructions going to be sent = 1|6|80|8|18,27,36,45
Your message: 1|6|80|8|18,27,36,45

New client!!!


New client!!!

Message received from client number 91: 1test0
Enter Message: 
Connected!!
Password of user is test
Connected!!
Player level = = = 1
Instructions going to be sent = 1|6|80|8|18,27,36,45
Your message: 1|6|80|8|18,27,36,45
Message received from client number 92: 1test0
Enter Message: 
Connected!!
Password of user is test

New client!!!

Connected!!
Player level = = = 1
Instructions going to be sent = 1|6|80|8|18,27,36,45
Your message: 1|6|80|8|18,27,36,45

New client!!!


New client!!!

Message received from client number 93: 1test0
Enter Message: 
Connected!!
Password of user is test
Connected!!
Player level = = = 1
Instructions going to be sent = 1|6|80|8|18,27,36,45
Your message: 1|6|80|8|18,27,36,45
Message received from client number 94: 1test0
Enter Message: 
Connected!!
Password of user is test
Connected!!
Player level = = = 1
Instructions going to be sent = 1|6|80|8|18,27,36,45
Your message: 1|6|80|8|18,27,36,45
Message received from client number 95: 1test0
Enter Message: 
Connected!!
Password of user is test
Connected!!
Player level = = = 1
Instructions going to be sent = 1|6|80|8|18,27,36,45
Your message: 1|6|80|8|18,27,36,45

New client!!!


New client!!!

Message received from client number 96: 1test0
Enter Message: 
Connected!!
Password of user is test
Connected!!
Player level = = = 1
Instructions going to be sent = 1|6|80|8|18,27,36,45
Your message: 1|6|80|8|18,27,36,45

New client!!!

Message received from client number 97: 1test0
Enter Message: 
Connected!!
Password of user is test
Connected!!
Player level = = = 1
Instructions going to be sent = 1|6|80|8|18,27,36,45
Your message: 1|6|80|8|18,27,36,45

New client!!!

Message received from client number 98: 1test0
Enter Message: 
Connected!!
Password of user is test
Connected!!
Player level = = = 1
Instructions going to be sent = 1|6|80|8|18,27,36,45
Your message: 1|6|80|8|18,27,36,45
Message received from client number 99: 1test0
Enter Message: 
Connected!!
Password of user is test
com.mysql.jdbc.exceptions.jdbc4.MySQLNonTransientConnectionException: Too many connections
	at sun.reflect.NativeConstructorAccessorImpl.newInstance0(Native Method)
	at sun.reflect.NativeConstructorAccessorImpl.newInstance(NativeConstructorAccessorImpl.java:57)
	at sun.reflect.DelegatingConstructorAccessorImpl.newInstance(DelegatingConstructorAccessorImpl.java:45)
	at java.lang.reflect.Constructor.newInstance(Constructor.java:526)
	at com.mysql.jdbc.Util.handleNewInstance(Util.java:404)
	at com.mysql.jdbc.Util.getInstance(Util.java:387)
	at com.mysql.jdbc.SQLError.createSQLException(SQLError.java:917)
	at com.mysql.jdbc.MysqlIO.checkErrorPacket(MysqlIO.java:3878)
	at com.mysql.jdbc.MysqlIO.checkErrorPacket(MysqlIO.java:3814)
	at com.mysql.jdbc.MysqlIO.checkErrorPacket(MysqlIO.java:871)
	at com.mysql.jdbc.MysqlIO.proceedHandshakeWithPluggableAuthentication(MysqlIO.java:1694)
	at com.mysql.jdbc.MysqlIO.doHandshake(MysqlIO.java:1215)
	at com.mysql.jdbc.ConnectionImpl.coreConnect(ConnectionImpl.java:2255)
	at com.mysql.jdbc.ConnectionImpl.connectOneTryOnly(ConnectionImpl.java:2286)
	at com.mysql.jdbc.ConnectionImpl.createNewIO(ConnectionImpl.java:2085)
	at com.mysql.jdbc.ConnectionImpl.<init>(ConnectionImpl.java:795)
	at com.mysql.jdbc.JDBC4Connection.<init>(JDBC4Connection.java:44)
	at sun.reflect.GeneratedConstructorAccessor6.newInstance(Unknown Source)
	at sun.reflect.DelegatingConstructorAccessorImpl.newInstance(DelegatingConstructorAccessorImpl.java:45)
	at java.lang.reflect.Constructor.newInstance(Constructor.java:526)
	at com.mysql.jdbc.Util.handleNewInstance(Util.java:404)
	at com.mysql.jdbc.ConnectionImpl.getInstance(ConnectionImpl.java:400)
	at com.mysql.jdbc.NonRegisteringDriver.connect(NonRegisteringDriver.java:327)
	at java.sql.DriverManager.getConnection(DriverManager.java:571)
	at java.sql.DriverManager.getConnection(DriverManager.java:215)
	at dbConn.DatabaseConn.connect(DatabaseConn.java:34)
	at GameServer$ClientHandler.run(GameServer.java:216)
Unable to make connection with the Databasejdbc:mysql://gameenv.cccaikjwogxr.ap-northeast-1.rds.amazonaws.com:3306/game_env_db
[Ljava.lang.StackTraceElement;@1ac9277d
Exception in thread "Thread-98" java.lang.NullPointerException
	at dbConn.DatabaseConn.runQuery(DatabaseConn.java:59)
	at GameServer$ClientHandler.run(GameServer.java:217)
Message received from client number 100: 1test0
Enter Message: 
com.mysql.jdbc.exceptions.jdbc4.MySQLNonTransientConnectionException: Too many connections
	at sun.reflect.NativeConstructorAccessorImpl.newInstance0(Native Method)
	at sun.reflect.NativeConstructorAccessorImpl.newInstance(NativeConstructorAccessorImpl.java:57)
	at sun.reflect.DelegatingConstructorAccessorImpl.newInstance(DelegatingConstructorAccessorImpl.java:45)
	at java.lang.reflect.Constructor.newInstance(Constructor.java:526)
	at com.mysql.jdbc.Util.handleNewInstance(Util.java:404)
	at com.mysql.jdbc.Util.getInstance(Util.java:387)
	at com.mysql.jdbc.SQLError.createSQLException(SQLError.java:917)
	at com.mysql.jdbc.MysqlIO.checkErrorPacket(MysqlIO.java:3878)
	at com.mysql.jdbc.MysqlIO.checkErrorPacket(MysqlIO.java:3814)
	at com.mysql.jdbc.MysqlIO.checkErrorPacket(MysqlIO.java:871)
	at com.mysql.jdbc.MysqlIO.proceedHandshakeWithPluggableAuthentication(MysqlIO.java:1694)
	at com.mysql.jdbc.MysqlIO.doHandshake(MysqlIO.java:1215)
	at com.mysql.jdbc.ConnectionImpl.coreConnect(ConnectionImpl.java:2255)
	at com.mysql.jdbc.ConnectionImpl.connectOneTryOnly(ConnectionImpl.java:2286)
	at com.mysql.jdbc.ConnectionImpl.createNewIO(ConnectionImpl.java:2085)
	at com.mysql.jdbc.ConnectionImpl.<init>(ConnectionImpl.java:795)
	at com.mysql.jdbc.JDBC4Connection.<init>(JDBC4Connection.java:44)
	at sun.reflect.GeneratedConstructorAccessor6.newInstance(Unknown Source)
	at sun.reflect.DelegatingConstructorAccessorImpl.newInstance(DelegatingConstructorAccessorImpl.java:45)
	at java.lang.reflect.Constructor.newInstance(Constructor.java:526)
	at com.mysql.jdbc.Util.handleNewInstance(Util.java:404)
	at com.mysql.jdbc.ConnectionImpl.getInstance(ConnectionImpl.java:400)
	at com.mysql.jdbc.NonRegisteringDriver.connect(NonRegisteringDriver.java:327)
	at java.sql.DriverManager.getConnection(DriverManager.java:571)
	at java.sql.DriverManager.getConnection(DriverManager.java:215)
	at dbConn.DatabaseConn.connect(DatabaseConn.java:34)
	at GameServer$ClientHandler.authenticatePlayer(GameServer.java:112)
	at GameServer$ClientHandler.run(GameServer.java:197)
Unable to make connection with the Databasejdbc:mysql://gameenv.cccaikjwogxr.ap-northeast-1.rds.amazonaws.com:3306/player_db
[Ljava.lang.StackTraceElement;@3692acdc
Exception in thread "Thread-99" java.lang.NullPointerException
	at dbConn.DatabaseConn.runQuery(DatabaseConn.java:59)
	at GameServer$ClientHandler.authenticatePlayer(GameServer.java:113)
	at GameServer$ClientHandler.run(GameServer.java:197)
Message received from client number 101: 1test0
Enter Message: 
com.mysql.jdbc.exceptions.jdbc4.MySQLNonTransientConnectionException: Too many connections
	at sun.reflect.NativeConstructorAccessorImpl.newInstance0(Native Method)
	at sun.reflect.NativeConstructorAccessorImpl.newInstance(NativeConstructorAccessorImpl.java:57)
	at sun.reflect.DelegatingConstructorAccessorImpl.newInstance(DelegatingConstructorAccessorImpl.java:45)
	at java.lang.reflect.Constructor.newInstance(Constructor.java:526)
	at com.mysql.jdbc.Util.handleNewInstance(Util.java:404)
	at com.mysql.jdbc.Util.getInstance(Util.java:387)
	at com.mysql.jdbc.SQLError.createSQLException(SQLError.java:917)
	at com.mysql.jdbc.MysqlIO.checkErrorPacket(MysqlIO.java:3878)
	at com.mysql.jdbc.MysqlIO.checkErrorPacket(MysqlIO.java:3814)
	at com.mysql.jdbc.MysqlIO.checkErrorPacket(MysqlIO.java:871)
	at com.mysql.jdbc.MysqlIO.proceedHandshakeWithPluggableAuthentication(MysqlIO.java:1694)
	at com.mysql.jdbc.MysqlIO.doHandshake(MysqlIO.java:1215)
	at com.mysql.jdbc.ConnectionImpl.coreConnect(ConnectionImpl.java:2255)
	at com.mysql.jdbc.ConnectionImpl.connectOneTryOnly(ConnectionImpl.java:2286)
	at com.mysql.jdbc.ConnectionImpl.createNewIO(ConnectionImpl.java:2085)
	at com.mysql.jdbc.ConnectionImpl.<init>(ConnectionImpl.java:795)
	at com.mysql.jdbc.JDBC4Connection.<init>(JDBC4Connection.java:44)
	at sun.reflect.GeneratedConstructorAccessor6.newInstance(Unknown Source)
	at sun.reflect.DelegatingConstructorAccessorImpl.newInstance(DelegatingConstructorAccessorImpl.java:45)
	at java.lang.reflect.Constructor.newInstance(Constructor.java:526)
	at com.mysql.jdbc.Util.handleNewInstance(Util.java:404)
	at com.mysql.jdbc.ConnectionImpl.getInstance(ConnectionImpl.java:400)
	at com.mysql.jdbc.NonRegisteringDriver.connect(NonRegisteringDriver.java:327)
	at java.sql.DriverManager.getConnection(DriverManager.java:571)
	at java.sql.DriverManager.getConnection(DriverManager.java:215)
	at dbConn.DatabaseConn.connect(DatabaseConn.java:34)
	at GameServer$ClientHandler.authenticatePlayer(GameServer.java:112)
	at GameServer$ClientHandler.run(GameServer.java:197)
Unable to make connection with the Databasejdbc:mysql://gameenv.cccaikjwogxr.ap-northeast-1.rds.amazonaws.com:3306/player_db
[Ljava.lang.StackTraceElement;@7cbe5303
Exception in thread "Thread-100" java.lang.NullPointerException
	at dbConn.DatabaseConn.runQuery(DatabaseConn.java:59)
	at GameServer$ClientHandler.authenticatePlayer(GameServer.java:113)
	at GameServer$ClientHandler.run(GameServer.java:197)

New client!!!

Message received from client number 102: 1test0
Enter Message: 
com.mysql.jdbc.exceptions.jdbc4.MySQLNonTransientConnectionException: Too many connections
	at sun.reflect.NativeConstructorAccessorImpl.newInstance0(Native Method)
	at sun.reflect.NativeConstructorAccessorImpl.newInstance(NativeConstructorAccessorImpl.java:57)
	at sun.reflect.DelegatingConstructorAccessorImpl.newInstance(DelegatingConstructorAccessorImpl.java:45)
	at java.lang.reflect.Constructor.newInstance(Constructor.java:526)
	at com.mysql.jdbc.Util.handleNewInstance(Util.java:404)
	at com.mysql.jdbc.Util.getInstance(Util.java:387)
	at com.mysql.jdbc.SQLError.createSQLException(SQLError.java:917)
	at com.mysql.jdbc.MysqlIO.checkErrorPacket(MysqlIO.java:3878)
	at com.mysql.jdbc.MysqlIO.checkErrorPacket(MysqlIO.java:3814)
	at com.mysql.jdbc.MysqlIO.checkErrorPacket(MysqlIO.java:871)
	at com.mysql.jdbc.MysqlIO.proceedHandshakeWithPluggableAuthentication(MysqlIO.java:1694)
	at com.mysql.jdbc.MysqlIO.doHandshake(MysqlIO.java:1215)
	at com.mysql.jdbc.ConnectionImpl.coreConnect(ConnectionImpl.java:2255)
	at com.mysql.jdbc.ConnectionImpl.connectOneTryOnly(ConnectionImpl.java:2286)
	at com.mysql.jdbc.ConnectionImpl.createNewIO(ConnectionImpl.java:2085)
	at com.mysql.jdbc.ConnectionImpl.<init>(ConnectionImpl.java:795)
	at com.mysql.jdbc.JDBC4Connection.<init>(JDBC4Connection.java:44)
	at sun.reflect.GeneratedConstructorAccessor6.newInstance(Unknown Source)
	at sun.reflect.DelegatingConstructorAccessorImpl.newInstance(DelegatingConstructorAccessorImpl.java:45)
	at java.lang.reflect.Constructor.newInstance(Constructor.java:526)
	at com.mysql.jdbc.Util.handleNewInstance(Util.java:404)
	at com.mysql.jdbc.ConnectionImpl.getInstance(ConnectionImpl.java:400)
	at com.mysql.jdbc.NonRegisteringDriver.connect(NonRegisteringDriver.java:327)
	at java.sql.DriverManager.getConnection(DriverManager.java:571)
	at java.sql.DriverManager.getConnection(DriverManager.java:215)
	at dbConn.DatabaseConn.connect(DatabaseConn.java:34)
	at GameServer$ClientHandler.authenticatePlayer(GameServer.java:112)
	at GameServer$ClientHandler.run(GameServer.java:197)
Unable to make connection with the Databasejdbc:mysql://gameenv.cccaikjwogxr.ap-northeast-1.rds.amazonaws.com:3306/player_db
[Ljava.lang.StackTraceElement;@68c3b8a3
Exception in thread "Thread-101" java.lang.NullPointerException
	at dbConn.DatabaseConn.runQuery(DatabaseConn.java:59)
	at GameServer$ClientHandler.authenticatePlayer(GameServer.java:113)
	at GameServer$ClientHandler.run(GameServer.java:197)

New client!!!

Message received from client number 103: 1test0
Enter Message: 
com.mysql.jdbc.exceptions.jdbc4.MySQLNonTransientConnectionException: Too many connections
	at sun.reflect.NativeConstructorAccessorImpl.newInstance0(Native Method)
	at sun.reflect.NativeConstructorAccessorImpl.newInstance(NativeConstructorAccessorImpl.java:57)
	at sun.reflect.DelegatingConstructorAccessorImpl.newInstance(DelegatingConstructorAccessorImpl.java:45)
	at java.lang.reflect.Constructor.newInstance(Constructor.java:526)
	at com.mysql.jdbc.Util.handleNewInstance(Util.java:404)
	at com.mysql.jdbc.Util.getInstance(Util.java:387)
	at com.mysql.jdbc.SQLError.createSQLException(SQLError.java:917)
	at com.mysql.jdbc.MysqlIO.checkErrorPacket(MysqlIO.java:3878)
	at com.mysql.jdbc.MysqlIO.checkErrorPacket(MysqlIO.java:3814)
	at com.mysql.jdbc.MysqlIO.checkErrorPacket(MysqlIO.java:871)
	at com.mysql.jdbc.MysqlIO.proceedHandshakeWithPluggableAuthentication(MysqlIO.java:1694)
	at com.mysql.jdbc.MysqlIO.doHandshake(MysqlIO.java:1215)
	at com.mysql.jdbc.ConnectionImpl.coreConnect(ConnectionImpl.java:2255)
	at com.mysql.jdbc.ConnectionImpl.connectOneTryOnly(ConnectionImpl.java:2286)
	at com.mysql.jdbc.ConnectionImpl.createNewIO(ConnectionImpl.java:2085)
	at com.mysql.jdbc.ConnectionImpl.<init>(ConnectionImpl.java:795)
	at com.mysql.jdbc.JDBC4Connection.<init>(JDBC4Connection.java:44)
	at sun.reflect.GeneratedConstructorAccessor6.newInstance(Unknown Source)
	at sun.reflect.DelegatingConstructorAccessorImpl.newInstance(DelegatingConstructorAccessorImpl.java:45)
	at java.lang.reflect.Constructor.newInstance(Constructor.java:526)
	at com.mysql.jdbc.Util.handleNewInstance(Util.java:404)
	at com.mysql.jdbc.ConnectionImpl.getInstance(ConnectionImpl.java:400)
	at com.mysql.jdbc.NonRegisteringDriver.connect(NonRegisteringDriver.java:327)
	at java.sql.DriverManager.getConnection(DriverManager.java:571)
	at java.sql.DriverManager.getConnection(DriverManager.java:215)
	at dbConn.DatabaseConn.connect(DatabaseConn.java:34)
	at GameServer$ClientHandler.authenticatePlayer(GameServer.java:112)
	at GameServer$ClientHandler.run(GameServer.java:197)
Unable to make connection with the Databasejdbc:mysql://gameenv.cccaikjwogxr.ap-northeast-1.rds.amazonaws.com:3306/player_db
[Ljava.lang.StackTraceElement;@67aaecbe
Exception in thread "Thread-102" java.lang.NullPointerException
	at dbConn.DatabaseConn.runQuery(DatabaseConn.java:59)
	at GameServer$ClientHandler.authenticatePlayer(GameServer.java:113)
	at GameServer$ClientHandler.run(GameServer.java:197)

New client!!!


New client!!!

Message received from client number 104: 1test0
Enter Message: 
Connected!!
Password of user is test
Connected!!
Player level = = = 1
Instructions going to be sent = 1|6|80|8|18,27,36,45
Your message: 1|6|80|8|18,27,36,45

New client!!!


New client!!!

Message received from client number 105: 1test0
Enter Message: 
Connected!!
Password of user is test
Connected!!
Player level = = = 1
Instructions going to be sent = 1|6|80|8|18,27,36,45
Your message: 1|6|80|8|18,27,36,45

New client!!!

Message received from client number 106: 1test0
Enter Message: 
Connected!!
Password of user is test
Connected!!
Player level = = = 1
Instructions going to be sent = 1|6|80|8|18,27,36,45
Your message: 1|6|80|8|18,27,36,45
Message received from client number 107: 1test0
Enter Message: 
Connected!!
Password of user is test
Connected!!
Player level = = = 1
Instructions going to be sent = 1|6|80|8|18,27,36,45
Your message: 1|6|80|8|18,27,36,45

New client!!!

Message received from client number 108: 1test0
Enter Message: 
Connected!!
Password of user is test
Connected!!
Player level = = = 1
Instructions going to be sent = 1|6|80|8|18,27,36,45
Your message: 1|6|80|8|18,27,36,45

New client!!!


New client!!!

Message received from client number 109: 1test0
Enter Message: 
Connected!!
Password of user is test
Connected!!
Player level = = = 1
Instructions going to be sent = 1|6|80|8|18,27,36,45
Your message: 1|6|80|8|18,27,36,45
Message received from client number 110: 1test0
Enter Message: 
Connected!!
Password of user is test
Connected!!
Player level = = = 1
Instructions going to be sent = 1|6|80|8|18,27,36,45
Your message: 1|6|80|8|18,27,36,45

New client!!!

Message received from client number 111: 1test0
Enter Message: 
Connected!!
Password of user is test
Connected!!
Player level = = = 1
Instructions going to be sent = 1|6|80|8|18,27,36,45
Your message: 1|6|80|8|18,27,36,45
Message received from client number 112: 1test0
Enter Message: 
Connected!!
Password of user is test
Connected!!
Player level = = = 1
Instructions going to be sent = 1|6|80|8|18,27,36,45
Your message: 1|6|80|8|18,27,36,45

New client!!!

Message received from client number 113: 1test0
Enter Message: 
Connected!!
Password of user is test
Connected!!
Player level = = = 1
Instructions going to be sent = 1|6|80|8|18,27,36,45
Your message: 1|6|80|8|18,27,36,45

New client!!!


New client!!!

Message received from client number 114: 1test0
Enter Message: 
Connected!!
Password of user is test
Connected!!
Player level = = = 1
Instructions going to be sent = 1|6|80|8|18,27,36,45
Your message: 1|6|80|8|18,27,36,45
Message received from client number 115: 1test0
Enter Message: 
Connected!!
Password of user is test
Connected!!
Player level = = = 1
Instructions going to be sent = 1|6|80|8|18,27,36,45
Your message: 1|6|80|8|18,27,36,45

New client!!!


New client!!!


New client!!!

Message received from client number 116: 1test0
Enter Message: 
Connected!!
Password of user is test
Connected!!
Player level = = = 1
Instructions going to be sent = 1|6|80|8|18,27,36,45
Your message: 1|6|80|8|18,27,36,45
Message received from client number 117: 1test0
Enter Message: 
Connected!!
Password of user is test
Connected!!
Player level = = = 1
Instructions going to be sent = 1|6|80|8|18,27,36,45
Your message: 1|6|80|8|18,27,36,45
Message received from client number 118: 1test0
Enter Message: 
Connected!!
Password of user is test

New client!!!

Connected!!
Player level = = = 1
Instructions going to be sent = 1|6|80|8|18,27,36,45
Your message: 1|6|80|8|18,27,36,45
Message received from client number 119: 1test0
Enter Message: 
Connected!!
Password of user is test
Connected!!
Player level = = = 1
Instructions going to be sent = 1|6|80|8|18,27,36,45
Your message: 1|6|80|8|18,27,36,45

New client!!!

Message received from client number 120: 1test0
Enter Message: 
Connected!!
Password of user is test
Connected!!
Player level = = = 1
Instructions going to be sent = 1|6|80|8|18,27,36,45
Your message: 1|6|80|8|18,27,36,45

New client!!!


New client!!!

Message received from client number 121: 1test0
Enter Message: 
Connected!!
Password of user is test
Connected!!
Player level = = = 1
Instructions going to be sent = 1|6|80|8|18,27,36,45
Your message: 1|6|80|8|18,27,36,45
Message received from client number 122: 1test0
Enter Message: 
Connected!!
Password of user is test
Connected!!
Player level = = = 1
Instructions going to be sent = 1|6|80|8|18,27,36,45
Your message: 1|6|80|8|18,27,36,45

New client!!!

Message received from client number 123: 1test0
Enter Message: 
Connected!!
Password of user is test
Connected!!
Player level = = = 1
Instructions going to be sent = 1|6|80|8|18,27,36,45
Your message: 1|6|80|8|18,27,36,45

New client!!!

Message received from client number 124: 1test0
Enter Message: 
Connected!!
Password of user is test
Connected!!
Player level = = = 1
Instructions going to be sent = 1|6|80|8|18,27,36,45
Your message: 1|6|80|8|18,27,36,45

New client!!!

Message received from client number 125: 1test0
Enter Message: 
Connected!!
Password of user is test
Connected!!
Player level = = = 1
Instructions going to be sent = 1|6|80|8|18,27,36,45
Your message: 1|6|80|8|18,27,36,45

New client!!!

Message received from client number 126: 1test0
Enter Message: 
Connected!!
Password of user is test
Connected!!
Player level = = = 1
Instructions going to be sent = 1|6|80|8|18,27,36,45
Your message: 1|6|80|8|18,27,36,45

New client!!!


New client!!!

Message received from client number 127: 1test0
Enter Message: 
Connected!!
Password of user is test
Connected!!
Player level = = = 1
Instructions going to be sent = 1|6|80|8|18,27,36,45
Your message: 1|6|80|8|18,27,36,45
Message received from client number 128: 1test0
Enter Message: 
Connected!!
Password of user is test
Connected!!
Player level = = = 1
Instructions going to be sent = 1|6|80|8|18,27,36,45
Your message: 1|6|80|8|18,27,36,45

New client!!!

Message received from client number 129: 1test0
Enter Message: 
Connected!!
Password of user is test
Connected!!
Player level = = = 1
Instructions going to be sent = 1|6|80|8|18,27,36,45
Your message: 1|6|80|8|18,27,36,45

New client!!!

Message received from client number 130: 1test0
Enter Message: 
Connected!!
Password of user is test
Connected!!
Player level = = = 1
Instructions going to be sent = 1|6|80|8|18,27,36,45
Your message: 1|6|80|8|18,27,36,45

New client!!!


New client!!!

Message received from client number 131: 1test0
Enter Message: 
Connected!!
Password of user is test
Connected!!
Player level = = = 1
Instructions going to be sent = 1|6|80|8|18,27,36,45
Your message: 1|6|80|8|18,27,36,45
Message received from client number 132: 1test0
Enter Message: 
Connected!!
Password of user is test
Connected!!
Player level = = = 1
Instructions going to be sent = 1|6|80|8|18,27,36,45
Your message: 1|6|80|8|18,27,36,45

New client!!!


New client!!!

Message received from client number 133: 1test0
Enter Message: 
Connected!!
Password of user is test
Connected!!
Player level = = = 1
Instructions going to be sent = 1|6|80|8|18,27,36,45
Your message: 1|6|80|8|18,27,36,45

New client!!!

Message received from client number 134: 1test0
Enter Message: 
Connected!!
Password of user is test
Connected!!
Player level = = = 1
Instructions going to be sent = 1|6|80|8|18,27,36,45
Your message: 1|6|80|8|18,27,36,45

New client!!!

Message received from client number 136: 1test0
Enter Message: 
Connected!!
Password of user is test
Connected!!
Player level = = = 1
Instructions going to be sent = 1|6|80|8|18,27,36,45
Your message: 1|6|80|8|18,27,36,45

New client!!!

Message received from client number 135: 1test0
Enter Message: 
Connected!!
Password of user is test
Connected!!
Player level = = = 1
Instructions going to be sent = 1|6|80|8|18,27,36,45
Your message: 1|6|80|8|18,27,36,45

New client!!!

Message received from client number 137: 1test0
Enter Message: 
Connected!!
Password of user is test
Connected!!
Player level = = = 1
Instructions going to be sent = 1|6|80|8|18,27,36,45
Your message: 1|6|80|8|18,27,36,45

New client!!!

Message received from client number 138: 1test0
Enter Message: 
Connected!!
Password of user is test

New client!!!

Connected!!
Player level = = = 1
Instructions going to be sent = 1|6|80|8|18,27,36,45
Your message: 1|6|80|8|18,27,36,45
Message received from client number 139: 1test0
Enter Message: 
Connected!!
Password of user is test
Connected!!
Player level = = = 1
Instructions going to be sent = 1|6|80|8|18,27,36,45
Your message: 1|6|80|8|18,27,36,45
Message received from client number 140: 1test0
Enter Message: 
Connected!!
Password of user is test
Connected!!
Player level = = = 1
Instructions going to be sent = 1|6|80|8|18,27,36,45
Your message: 1|6|80|8|18,27,36,45

New client!!!

Message received from client number 141: 1test0
Enter Message: 
Connected!!
Password of user is test
Connected!!
Player level = = = 1
Instructions going to be sent = 1|6|80|8|18,27,36,45
Your message: 1|6|80|8|18,27,36,45

New client!!!


New client!!!


New client!!!

Message received from client number 142: 1test0
Enter Message: 
Connected!!
Password of user is test
Connected!!
Player level = = = 1
Instructions going to be sent = 1|6|80|8|18,27,36,45
Your message: 1|6|80|8|18,27,36,45
Message received from client number 143: 1test0
Enter Message: 
Connected!!
Password of user is test
Connected!!
Player level = = = 1
Instructions going to be sent = 1|6|80|8|18,27,36,45
Your message: 1|6|80|8|18,27,36,45
Message received from client number 144: 1test0
Enter Message: 
Connected!!
Password of user is test
Connected!!
Player level = = = 1
Instructions going to be sent = 1|6|80|8|18,27,36,45
Your message: 1|6|80|8|18,27,36,45

New client!!!


New client!!!

Message received from client number 145: 1test0
Enter Message: 
Connected!!
Password of user is test
Connected!!
Player level = = = 1
Instructions going to be sent = 1|6|80|8|18,27,36,45
Your message: 1|6|80|8|18,27,36,45
Message received from client number 146: 1test0
Enter Message: 
Connected!!
Password of user is test
Connected!!
Player level = = = 1
Instructions going to be sent = 1|6|80|8|18,27,36,45
Your message: 1|6|80|8|18,27,36,45

New client!!!

Message received from client number 147: 1test0
Enter Message: 
Connected!!
Password of user is test
Connected!!
Player level = = = 1
Instructions going to be sent = 1|6|80|8|18,27,36,45
Your message: 1|6|80|8|18,27,36,45

New client!!!

Message received from client number 148: 1test0
Enter Message: 
Connected!!
Password of user is test
Connected!!
Player level = = = 1
Instructions going to be sent = 1|6|80|8|18,27,36,45
Your message: 1|6|80|8|18,27,36,45

New client!!!

Message received from client number 149: 1test0
Enter Message: 
Connected!!
Password of user is test
Connected!!
Player level = = = 1
Instructions going to be sent = 1|6|80|8|18,27,36,45
Your message: 1|6|80|8|18,27,36,45

New client!!!

Message received from client number 150: 1test0
Enter Message: 
Connected!!
Password of user is test
Connected!!
Player level = = = 1
Instructions going to be sent = 1|6|80|8|18,27,36,45
Your message: 1|6|80|8|18,27,36,45

New client!!!

Message received from client number 151: 1test0
Enter Message: 
Connected!!
Password of user is test
Connected!!
Player level = = = 1
Instructions going to be sent = 1|6|80|8|18,27,36,45
Your message: 1|6|80|8|18,27,36,45

New client!!!


New client!!!

Message received from client number 152: 1test0
Enter Message: 
Connected!!
Password of user is test
Connected!!
Player level = = = 1
Instructions going to be sent = 1|6|80|8|18,27,36,45
Your message: 1|6|80|8|18,27,36,45
Message received from client number 153: 1test0
Enter Message: 
Connected!!
Password of user is test
Connected!!
Player level = = = 1
Instructions going to be sent = 1|6|80|8|18,27,36,45
Your message: 1|6|80|8|18,27,36,45

New client!!!


New client!!!


New client!!!

Message received from client number 154: 1test0
Enter Message: 
Connected!!
Password of user is test
Connected!!
Player level = = = 1
Instructions going to be sent = 1|6|80|8|18,27,36,45
Your message: 1|6|80|8|18,27,36,45
Message received from client number 155: 1test0
Enter Message: 
Connected!!
Password of user is test
Connected!!
Player level = = = 1
Instructions going to be sent = 1|6|80|8|18,27,36,45
Your message: 1|6|80|8|18,27,36,45
Message received from client number 156: 1test0
Enter Message: 
Connected!!
Password of user is test
Connected!!
Player level = = = 1
Instructions going to be sent = 1|6|80|8|18,27,36,45
Your message: 1|6|80|8|18,27,36,45

New client!!!

Message received from client number 157: 1test0
Enter Message: 
Connected!!
Password of user is test
Connected!!
Player level = = = 1
Instructions going to be sent = 1|6|80|8|18,27,36,45
Your message: 1|6|80|8|18,27,36,45

New client!!!

Message received from client number 158: 1test0
Enter Message: 
Connected!!
Password of user is test
Connected!!
Player level = = = 1
Instructions going to be sent = 1|6|80|8|18,27,36,45
Your message: 1|6|80|8|18,27,36,45

New client!!!

Message received from client number 159: 1test0
Enter Message: 
Connected!!
Password of user is test
Connected!!
Player level = = = 1
Instructions going to be sent = 1|6|80|8|18,27,36,45
Your message: 1|6|80|8|18,27,36,45

New client!!!


New client!!!

Message received from client number 160: 1test0
Enter Message: 
Connected!!
Password of user is test
Connected!!
Player level = = = 1
Instructions going to be sent = 1|6|80|8|18,27,36,45
Your message: 1|6|80|8|18,27,36,45

New client!!!

Message received from client number 161: 1test0
Enter Message: 
Connected!!
Password of user is test
Connected!!
Player level = = = 1
Instructions going to be sent = 1|6|80|8|18,27,36,45
Your message: 1|6|80|8|18,27,36,45
Message received from client number 162: 1test0
Enter Message: 
Connected!!
Password of user is test
Connected!!
Player level = = = 1
Instructions going to be sent = 1|6|80|8|18,27,36,45
Your message: 1|6|80|8|18,27,36,45

New client!!!

Message received from client number 163: 1test0
Enter Message: 
Connected!!
Password of user is test
Connected!!
Player level = = = 1
Instructions going to be sent = 1|6|80|8|18,27,36,45
Your message: 1|6|80|8|18,27,36,45

New client!!!

Message received from client number 164: 1test0
Enter Message: 
Connected!!
Password of user is test
Connected!!
Player level = = = 1
Instructions going to be sent = 1|6|80|8|18,27,36,45
Your message: 1|6|80|8|18,27,36,45

New client!!!


New client!!!


New client!!!

Message received from client number 165: 1test0
Enter Message: 
Connected!!
Password of user is test
Connected!!
Player level = = = 1
Instructions going to be sent = 1|6|80|8|18,27,36,45
Your message: 1|6|80|8|18,27,36,45
Message received from client number 166: 1test0
Enter Message: 
Connected!!
Password of user is test
Connected!!
Player level = = = 1
Instructions going to be sent = 1|6|80|8|18,27,36,45
Your message: 1|6|80|8|18,27,36,45
Message received from client number 167: 1test0
Enter Message: 
Connected!!
Password of user is test
Connected!!
Player level = = = 1
Instructions going to be sent = 1|6|80|8|18,27,36,45
Your message: 1|6|80|8|18,27,36,45

New client!!!


New client!!!

Message received from client number 168: 1test0
Enter Message: 
Connected!!
Password of user is test
Connected!!
Player level = = = 1
Instructions going to be sent = 1|6|80|8|18,27,36,45
Your message: 1|6|80|8|18,27,36,45

New client!!!

Message received from client number 169: 1test0
Enter Message: 
Connected!!
Password of user is test
Connected!!
Player level = = = 1
Instructions going to be sent = 1|6|80|8|18,27,36,45
Your message: 1|6|80|8|18,27,36,45
Message received from client number 170: 1test0
Enter Message: 
Connected!!
Password of user is test
Connected!!
Player level = = = 1
Instructions going to be sent = 1|6|80|8|18,27,36,45
Your message: 1|6|80|8|18,27,36,45

New client!!!

Message received from client number 171: 1test0
Enter Message: 
Connected!!
Password of user is test
Connected!!
Player level = = = 1
Instructions going to be sent = 1|6|80|8|18,27,36,45
Your message: 1|6|80|8|18,27,36,45

New client!!!

Message received from client number 172: 1test0
Enter Message: 
Connected!!
Password of user is test
Connected!!
Player level = = = 1
Instructions going to be sent = 1|6|80|8|18,27,36,45
Your message: 1|6|80|8|18,27,36,45

New client!!!


New client!!!

Message received from client number 173: 1test0
Enter Message: 
Connected!!
Password of user is test
Connected!!
Player level = = = 1
Instructions going to be sent = 1|6|80|8|18,27,36,45
Your message: 1|6|80|8|18,27,36,45
Message received from client number 174: 1test0
Enter Message: 
Connected!!
Password of user is test
Connected!!
Player level = = = 1
Instructions going to be sent = 1|6|80|8|18,27,36,45
Your message: 1|6|80|8|18,27,36,45

New client!!!

Message received from client number 175: 1test0
Enter Message: 
Connected!!
Password of user is test
Connected!!
Player level = = = 1
Instructions going to be sent = 1|6|80|8|18,27,36,45
Your message: 1|6|80|8|18,27,36,45

New client!!!


New client!!!

Message received from client number 176: 1test0
Enter Message: 
Connected!!
Password of user is test
Connected!!
Player level = = = 1
Instructions going to be sent = 1|6|80|8|18,27,36,45
Your message: 1|6|80|8|18,27,36,45
Message received from client number 177: 1test0
Enter Message: 
Connected!!
Password of user is test
Connected!!
Player level = = = 1
Instructions going to be sent = 1|6|80|8|18,27,36,45
Your message: 1|6|80|8|18,27,36,45

New client!!!


New client!!!

Message received from client number 178: 1test0
Enter Message: 
Connected!!
Password of user is test
Connected!!
Player level = = = 1
Instructions going to be sent = 1|6|80|8|18,27,36,45
Your message: 1|6|80|8|18,27,36,45
Message received from client number 179: 1test0
Enter Message: 
Connected!!
Password of user is test
Connected!!
Player level = = = 1
Instructions going to be sent = 1|6|80|8|18,27,36,45
Your message: 1|6|80|8|18,27,36,45

New client!!!


New client!!!

Message received from client number 180: 1test0
Enter Message: 
Connected!!
Password of user is test
Connected!!
Player level = = = 1
Instructions going to be sent = 1|6|80|8|18,27,36,45
Your message: 1|6|80|8|18,27,36,45

New client!!!

Message received from client number 181: 1test0
Enter Message: 
Connected!!
Password of user is test
Connected!!
Player level = = = 1
Instructions going to be sent = 1|6|80|8|18,27,36,45
Your message: 1|6|80|8|18,27,36,45

New client!!!


New client!!!


New client!!!

Message received from client number 182: 1test0
Enter Message: 
Connected!!
Password of user is test
Connected!!
Player level = = = 1
Instructions going to be sent = 1|6|80|8|18,27,36,45
Your message: 1|6|80|8|18,27,36,45
Message received from client number 183: 1test0
Enter Message: 
Connected!!
Password of user is test
Connected!!
Player level = = = 1
Instructions going to be sent = 1|6|80|8|18,27,36,45
Your message: 1|6|80|8|18,27,36,45
Message received from client number 184: 1test0
Enter Message: 
Connected!!
Password of user is test
Connected!!
Player level = = = 1
Instructions going to be sent = 1|6|80|8|18,27,36,45
Your message: 1|6|80|8|18,27,36,45

New client!!!

Message received from client number 185: 1test0
Enter Message: 
Connected!!
Password of user is test
Connected!!
Player level = = = 1
Instructions going to be sent = 1|6|80|8|18,27,36,45
Your message: 1|6|80|8|18,27,36,45
Message received from client number 186: 1test0
Enter Message: 
Connected!!
Password of user is test
Connected!!
Player level = = = 1
Instructions going to be sent = 1|6|80|8|18,27,36,45
Your message: 1|6|80|8|18,27,36,45

New client!!!

Message received from client number 187: 1test0
Enter Message: 
Connected!!
Password of user is test
Connected!!
Player level = = = 1
Instructions going to be sent = 1|6|80|8|18,27,36,45
Your message: 1|6|80|8|18,27,36,45

New client!!!

Message received from client number 188: 1test0
Enter Message: 
Connected!!
Password of user is test
Connected!!
Player level = = = 1
Instructions going to be sent = 1|6|80|8|18,27,36,45
Your message: 1|6|80|8|18,27,36,45

New client!!!

Message received from client number 189: 1test0
Enter Message: 
Connected!!
Password of user is test
Connected!!
Player level = = = 1
Instructions going to be sent = 1|6|80|8|18,27,36,45
Your message: 1|6|80|8|18,27,36,45

New client!!!


New client!!!

Message received from client number 190: 1test0
Enter Message: 
Connected!!
Password of user is test
Connected!!
Player level = = = 1
Instructions going to be sent = 1|6|80|8|18,27,36,45
Your message: 1|6|80|8|18,27,36,45
Message received from client number 191: 1test0
Enter Message: 
Connected!!
Password of user is test
Connected!!
Player level = = = 1
Instructions going to be sent = 1|6|80|8|18,27,36,45
Your message: 1|6|80|8|18,27,36,45

New client!!!

Message received from client number 192: 1test0
Enter Message: 
Connected!!
Password of user is test
Connected!!
Player level = = = 1
Instructions going to be sent = 1|6|80|8|18,27,36,45
Your message: 1|6|80|8|18,27,36,45

New client!!!


New client!!!

Message received from client number 193: 1test0
Enter Message: 
Connected!!
Password of user is test
Connected!!
Player level = = = 1
Instructions going to be sent = 1|6|80|8|18,27,36,45
Your message: 1|6|80|8|18,27,36,45
Message received from client number 194: 1test0
Enter Message: 
Connected!!
Password of user is test
Connected!!
Player level = = = 1
Instructions going to be sent = 1|6|80|8|18,27,36,45
Your message: 1|6|80|8|18,27,36,45

New client!!!

Message received from client number 195: 1test0
Enter Message: 
Connected!!
Password of user is test
Connected!!
Player level = = = 1
Instructions going to be sent = 1|6|80|8|18,27,36,45
Your message: 1|6|80|8|18,27,36,45

New client!!!

Message received from client number 196: 1test0
Enter Message: 
Connected!!
Password of user is test
Connected!!
Player level = = = 1
Instructions going to be sent = 1|6|80|8|18,27,36,45
Your message: 1|6|80|8|18,27,36,45

New client!!!

Message received from client number 197: 1test0
Enter Message: 
Connected!!
Password of user is test
Connected!!
Player level = = = 1
Instructions going to be sent = 1|6|80|8|18,27,36,45
Your message: 1|6|80|8|18,27,36,45

New client!!!

Message received from client number 198: 1test0
Enter Message: 
Connected!!
Password of user is test
Connected!!
Player level = = = 1
Instructions going to be sent = 1|6|80|8|18,27,36,45
Your message: 1|6|80|8|18,27,36,45

New client!!!

Message received from client number 199: 1test0
Enter Message: 
Connected!!
Password of user is test
Connected!!
Player level = = = 1
Instructions going to be sent = 1|6|80|8|18,27,36,45
Your message: 1|6|80|8|18,27,36,45
Started!!!
Opening port...

Exception in thread "main" java.lang.NullPointerException
	at GameServer.main(GameServer.java:33)
